2025-01-23 20:00:01.519 | INFO     | utils.utils_logger:<module>:38 - Logging to file: logs\project_log.log
2025-01-23 20:00:01.529 | INFO     | __main__:main:103 - START producer.
2025-01-23 20:00:01.530 | INFO     | utils.utils_producer:get_zookeeper_address:57 - Zookeeper address: localhost:2181
2025-01-23 20:00:05.627 | ERROR    | utils.utils_producer:check_zookeeper_service_is_ready:82 - Error checking Zookeeper readiness: [WinError 10061] No connection could be made because the target machine actively refused it
2025-01-23 20:00:05.635 | ERROR    | utils.utils_producer:verify_services:114 - Zookeeper is not ready. Please check your Zookeeper setup. Exiting...
2025-01-23 20:00:38.262 | INFO     | utils.utils_logger:<module>:38 - Logging to file: logs\project_log.log
2025-01-23 20:00:38.270 | INFO     | __main__:main:103 - START producer.
2025-01-23 20:00:38.272 | INFO     | utils.utils_producer:get_zookeeper_address:57 - Zookeeper address: localhost:2181
2025-01-23 20:00:42.385 | ERROR    | utils.utils_producer:check_zookeeper_service_is_ready:82 - Error checking Zookeeper readiness: [WinError 10061] No connection could be made because the target machine actively refused it
2025-01-23 20:00:42.386 | ERROR    | utils.utils_producer:verify_services:114 - Zookeeper is not ready. Please check your Zookeeper setup. Exiting...
2025-01-23 20:01:18.590 | INFO     | utils.utils_logger:<module>:38 - Logging to file: logs\project_log.log
2025-01-23 20:01:18.598 | INFO     | __main__:main:103 - START producer.
2025-01-23 20:01:18.599 | INFO     | utils.utils_producer:get_zookeeper_address:57 - Zookeeper address: localhost:2181
2025-01-23 20:01:22.711 | ERROR    | utils.utils_producer:check_zookeeper_service_is_ready:82 - Error checking Zookeeper readiness: [WinError 10061] No connection could be made because the target machine actively refused it
2025-01-23 20:01:22.711 | ERROR    | utils.utils_producer:verify_services:114 - Zookeeper is not ready. Please check your Zookeeper setup. Exiting...
2025-01-23 20:01:39.698 | INFO     | utils.utils_logger:<module>:38 - Logging to file: logs\project_log.log
2025-01-23 20:01:39.708 | INFO     | __main__:main:78 - START consumer.
2025-01-23 20:01:39.708 | INFO     | __main__:get_kafka_topic:35 - Kafka topic: buzzline
2025-01-23 20:01:39.709 | INFO     | __main__:get_kafka_consumer_group_id:42 - Kafka consumer group id: default_group
2025-01-23 20:01:39.709 | INFO     | __main__:main:83 - Consumer: Topic 'buzzline' and group 'default_group'...
2025-01-23 20:01:39.709 | INFO     | utils.utils_producer:get_kafka_broker_address:50 - Kafka broker address: localhost:9092
2025-01-23 20:01:39.710 | INFO     | utils.utils_consumer:create_kafka_consumer:44 - Creating Kafka consumer. Topic='buzzline' and group ID='default_group'.
2025-01-23 20:01:41.781 | ERROR    | utils.utils_consumer:create_kafka_consumer:60 - Error creating Kafka consumer: NoBrokersAvailable
2025-01-23 20:03:31.316 | INFO     | utils.utils_logger:<module>:38 - Logging to file: logs\project_log.log
2025-01-23 20:03:31.323 | INFO     | __main__:main:103 - START producer.
2025-01-23 20:03:31.324 | INFO     | utils.utils_producer:get_zookeeper_address:57 - Zookeeper address: localhost:2181
2025-01-23 20:03:35.445 | ERROR    | utils.utils_producer:check_zookeeper_service_is_ready:82 - Error checking Zookeeper readiness: [WinError 10061] No connection could be made because the target machine actively refused it
2025-01-23 20:03:35.450 | ERROR    | utils.utils_producer:verify_services:114 - Zookeeper is not ready. Please check your Zookeeper setup. Exiting...
2025-01-23 20:15:22.634 | INFO     | utils.utils_logger:<module>:38 - Logging to file: logs\project_log.log
2025-01-23 20:15:22.645 | INFO     | __main__:main:103 - START producer.
2025-01-23 20:15:22.646 | INFO     | utils.utils_producer:get_zookeeper_address:57 - Zookeeper address: localhost:2181
2025-01-23 20:15:22.692 | INFO     | utils.utils_producer:check_zookeeper_service_is_ready:79 - Zookeeper is ready at localhost:2181.
2025-01-23 20:15:22.693 | INFO     | utils.utils_producer:get_kafka_broker_address:50 - Kafka broker address: localhost:9092
2025-01-23 20:15:24.957 | ERROR    | utils.utils_producer:check_kafka_service_is_ready:102 - Error checking Kafka: NodeNotReadyError
2025-01-23 20:15:24.959 | ERROR    | utils.utils_producer:verify_services:121 - Kafka broker is not ready. Please check your Kafka setup. Exiting...
2025-01-23 20:23:09.173 | INFO     | utils.utils_logger:<module>:38 - Logging to file: logs\project_log.log
2025-01-23 20:23:09.181 | INFO     | __main__:main:103 - START producer.
2025-01-23 20:23:09.182 | INFO     | utils.utils_producer:get_zookeeper_address:57 - Zookeeper address: localhost:2181
2025-01-23 20:23:09.233 | INFO     | utils.utils_producer:check_zookeeper_service_is_ready:79 - Zookeeper is ready at localhost:2181.
2025-01-23 20:23:09.234 | INFO     | utils.utils_producer:get_kafka_broker_address:50 - Kafka broker address: localhost:9092
2025-01-23 20:23:11.480 | ERROR    | utils.utils_producer:check_kafka_service_is_ready:102 - Error checking Kafka: NodeNotReadyError
2025-01-23 20:23:11.483 | ERROR    | utils.utils_producer:verify_services:121 - Kafka broker is not ready. Please check your Kafka setup. Exiting...
2025-01-23 20:31:53.961 | INFO     | utils.utils_logger:<module>:38 - Logging to file: logs\project_log.log
2025-01-23 20:31:53.972 | INFO     | __main__:main:103 - START producer.
2025-01-23 20:31:53.973 | INFO     | utils.utils_producer:get_zookeeper_address:57 - Zookeeper address: localhost:2181
2025-01-23 20:31:54.070 | INFO     | utils.utils_producer:check_zookeeper_service_is_ready:79 - Zookeeper is ready at localhost:2181.
2025-01-23 20:31:54.074 | INFO     | utils.utils_producer:get_kafka_broker_address:50 - Kafka broker address: localhost:9092
2025-01-23 20:31:56.355 | ERROR    | utils.utils_producer:check_kafka_service_is_ready:102 - Error checking Kafka: NodeNotReadyError
2025-01-23 20:31:56.356 | ERROR    | utils.utils_producer:verify_services:121 - Kafka broker is not ready. Please check your Kafka setup. Exiting...
2025-01-23 20:36:46.132 | INFO     | utils.utils_logger:<module>:38 - Logging to file: logs\project_log.log
2025-01-23 20:36:46.145 | INFO     | __main__:main:103 - START producer.
2025-01-23 20:36:46.146 | INFO     | utils.utils_producer:get_zookeeper_address:57 - Zookeeper address: localhost:2181
2025-01-23 20:36:46.219 | INFO     | utils.utils_producer:check_zookeeper_service_is_ready:79 - Zookeeper is ready at localhost:2181.
2025-01-23 20:36:46.221 | INFO     | utils.utils_producer:get_kafka_broker_address:50 - Kafka broker address: localhost:9092
2025-01-23 20:36:48.483 | ERROR    | utils.utils_producer:check_kafka_service_is_ready:102 - Error checking Kafka: NodeNotReadyError
2025-01-23 20:36:48.485 | ERROR    | utils.utils_producer:verify_services:121 - Kafka broker is not ready. Please check your Kafka setup. Exiting...
2025-01-23 20:37:37.390 | INFO     | utils.utils_logger:<module>:38 - Logging to file: logs\project_log.log
2025-01-23 20:37:37.398 | INFO     | __main__:main:103 - START producer.
2025-01-23 20:37:37.399 | INFO     | utils.utils_producer:get_zookeeper_address:57 - Zookeeper address: localhost:2181
2025-01-23 20:37:37.447 | INFO     | utils.utils_producer:check_zookeeper_service_is_ready:79 - Zookeeper is ready at localhost:2181.
2025-01-23 20:37:37.449 | INFO     | utils.utils_producer:get_kafka_broker_address:50 - Kafka broker address: localhost:9092
2025-01-23 20:37:39.695 | ERROR    | utils.utils_producer:check_kafka_service_is_ready:102 - Error checking Kafka: NodeNotReadyError
2025-01-23 20:37:39.698 | ERROR    | utils.utils_producer:verify_services:121 - Kafka broker is not ready. Please check your Kafka setup. Exiting...
2025-01-23 20:42:52.481 | INFO     | utils.utils_logger:<module>:38 - Logging to file: logs\project_log.log
2025-01-23 20:42:52.489 | INFO     | __main__:main:103 - START producer.
2025-01-23 20:42:52.489 | INFO     | utils.utils_producer:get_zookeeper_address:57 - Zookeeper address: localhost:2181
2025-01-23 20:42:52.535 | INFO     | utils.utils_producer:check_zookeeper_service_is_ready:79 - Zookeeper is ready at localhost:2181.
2025-01-23 20:42:52.536 | INFO     | utils.utils_producer:get_kafka_broker_address:50 - Kafka broker address: localhost:9092
2025-01-23 20:42:54.813 | ERROR    | utils.utils_producer:check_kafka_service_is_ready:102 - Error checking Kafka: NodeNotReadyError
2025-01-23 20:42:54.815 | ERROR    | utils.utils_producer:verify_services:121 - Kafka broker is not ready. Please check your Kafka setup. Exiting...
2025-01-23 20:43:11.661 | INFO     | utils.utils_logger:<module>:38 - Logging to file: logs\project_log.log
2025-01-23 20:43:11.670 | INFO     | __main__:main:78 - START consumer.
2025-01-23 20:43:11.670 | INFO     | __main__:get_kafka_topic:35 - Kafka topic: buzzline
2025-01-23 20:43:11.671 | INFO     | __main__:get_kafka_consumer_group_id:42 - Kafka consumer group id: default_group
2025-01-23 20:43:11.671 | INFO     | __main__:main:83 - Consumer: Topic 'buzzline' and group 'default_group'...
2025-01-23 20:43:11.671 | INFO     | utils.utils_producer:get_kafka_broker_address:50 - Kafka broker address: localhost:9092
2025-01-23 20:43:11.672 | INFO     | utils.utils_consumer:create_kafka_consumer:44 - Creating Kafka consumer. Topic='buzzline' and group ID='default_group'.
2025-01-23 20:43:11.837 | INFO     | utils.utils_consumer:create_kafka_consumer:57 - Kafka consumer created successfully.
2025-01-23 20:43:11.838 | INFO     | __main__:main:89 - Polling messages from topic 'buzzline'...
2025-01-23 20:43:31.622 | INFO     | utils.utils_logger:<module>:38 - Logging to file: logs\project_log.log
2025-01-23 20:43:31.634 | INFO     | __main__:main:103 - START producer.
2025-01-23 20:43:31.635 | INFO     | utils.utils_producer:get_zookeeper_address:57 - Zookeeper address: localhost:2181
2025-01-23 20:43:31.689 | INFO     | utils.utils_producer:check_zookeeper_service_is_ready:79 - Zookeeper is ready at localhost:2181.
2025-01-23 20:43:31.690 | INFO     | utils.utils_producer:get_kafka_broker_address:50 - Kafka broker address: localhost:9092
2025-01-23 20:43:33.956 | ERROR    | utils.utils_producer:check_kafka_service_is_ready:102 - Error checking Kafka: NodeNotReadyError
2025-01-23 20:43:33.959 | ERROR    | utils.utils_producer:verify_services:121 - Kafka broker is not ready. Please check your Kafka setup. Exiting...
2025-01-23 20:50:30.471 | INFO     | utils.utils_logger:<module>:38 - Logging to file: logs\project_log.log
2025-01-23 20:50:41.310 | INFO     | utils.utils_logger:<module>:38 - Logging to file: logs\project_log.log
2025-01-23 20:50:41.318 | INFO     | __main__:main:103 - START producer.
2025-01-23 20:50:41.319 | INFO     | utils.utils_producer:get_zookeeper_address:57 - Zookeeper address: localhost:2181
2025-01-23 20:50:41.379 | INFO     | utils.utils_producer:check_zookeeper_service_is_ready:79 - Zookeeper is ready at localhost:2181.
2025-01-23 20:50:41.381 | INFO     | utils.utils_producer:get_kafka_broker_address:50 - Kafka broker address: localhost:9092
2025-01-23 20:50:43.650 | ERROR    | utils.utils_producer:check_kafka_service_is_ready:102 - Error checking Kafka: NodeNotReadyError
2025-01-23 20:50:43.652 | ERROR    | utils.utils_producer:verify_services:121 - Kafka broker is not ready. Please check your Kafka setup. Exiting...
2025-01-23 20:55:33.014 | INFO     | utils.utils_logger:<module>:38 - Logging to file: logs\project_log.log
2025-01-23 20:55:33.022 | INFO     | __main__:main:103 - START producer.
2025-01-23 20:55:33.023 | INFO     | utils.utils_producer:get_zookeeper_address:57 - Zookeeper address: localhost:2181
2025-01-23 20:55:33.067 | INFO     | utils.utils_producer:check_zookeeper_service_is_ready:79 - Zookeeper is ready at localhost:2181.
2025-01-23 20:55:33.070 | INFO     | utils.utils_producer:get_kafka_broker_address:50 - Kafka broker address: localhost:9092
2025-01-23 20:55:35.333 | ERROR    | utils.utils_producer:check_kafka_service_is_ready:102 - Error checking Kafka: NodeNotReadyError
2025-01-23 20:55:35.334 | ERROR    | utils.utils_producer:verify_services:121 - Kafka broker is not ready. Please check your Kafka setup. Exiting...
2025-01-23 21:12:32.210 | INFO     | utils.utils_logger:<module>:38 - Logging to file: logs\project_log.log
2025-01-23 21:12:32.217 | INFO     | __main__:main:103 - START producer.
2025-01-23 21:12:32.218 | INFO     | utils.utils_producer:get_zookeeper_address:57 - Zookeeper address: localhost:2181
2025-01-23 21:12:32.266 | INFO     | utils.utils_producer:check_zookeeper_service_is_ready:79 - Zookeeper is ready at localhost:2181.
2025-01-23 21:12:32.268 | INFO     | utils.utils_producer:get_kafka_broker_address:50 - Kafka broker address: localhost:9092
2025-01-23 21:12:34.520 | ERROR    | utils.utils_producer:check_kafka_service_is_ready:102 - Error checking Kafka: NodeNotReadyError
2025-01-23 21:12:34.522 | ERROR    | utils.utils_producer:verify_services:121 - Kafka broker is not ready. Please check your Kafka setup. Exiting...
2025-01-23 21:13:19.685 | INFO     | utils.utils_logger:<module>:38 - Logging to file: logs\project_log.log
2025-01-23 21:13:19.695 | INFO     | __main__:main:78 - START consumer.
2025-01-23 21:13:19.696 | INFO     | __main__:get_kafka_topic:35 - Kafka topic: buzzline
2025-01-23 21:13:19.697 | INFO     | __main__:get_kafka_consumer_group_id:42 - Kafka consumer group id: default_group
2025-01-23 21:13:19.697 | INFO     | __main__:main:83 - Consumer: Topic 'buzzline' and group 'default_group'...
2025-01-23 21:13:19.699 | INFO     | utils.utils_producer:get_kafka_broker_address:50 - Kafka broker address: localhost:9092
2025-01-23 21:13:19.699 | INFO     | utils.utils_consumer:create_kafka_consumer:44 - Creating Kafka consumer. Topic='buzzline' and group ID='default_group'.
2025-01-23 21:13:19.867 | INFO     | utils.utils_consumer:create_kafka_consumer:57 - Kafka consumer created successfully.
2025-01-23 21:13:19.868 | INFO     | __main__:main:89 - Polling messages from farewell 'buzzline'...
